{"$message_type":"diagnostic","message":"the trait bound `NaiveDateTime: diesel::Expression` is not satisfied","code":{"code":"E0277","explanation":"You tried to use a type which doesn't implement some trait in a place which\nexpected that trait.\n\nErroneous code example:\n\n```compile_fail,E0277\n// here we declare the Foo trait with a bar method\ntrait Foo {\n    fn bar(&self);\n}\n\n// we now declare a function which takes an object implementing the Foo trait\nfn some_func<T: Foo>(foo: T) {\n    foo.bar();\n}\n\nfn main() {\n    // we now call the method with the i32 type, which doesn't implement\n    // the Foo trait\n    some_func(5i32); // error: the trait bound `i32 : Foo` is not satisfied\n}\n```\n\nIn order to fix this error, verify that the type you're using does implement\nthe trait. Example:\n\n```\ntrait Foo {\n    fn bar(&self);\n}\n\n// we implement the trait on the i32 type\nimpl Foo for i32 {\n    fn bar(&self) {}\n}\n\nfn some_func<T: Foo>(foo: T) {\n    foo.bar(); // we can now use this method since i32 implements the\n               // Foo trait\n}\n\nfn main() {\n    some_func(5i32); // ok!\n}\n```\n\nOr in a generic context, an erroneous code example would look like:\n\n```compile_fail,E0277\nfn some_func<T>(foo: T) {\n    println!(\"{:?}\", foo); // error: the trait `core::fmt::Debug` is not\n                           //        implemented for the type `T`\n}\n\nfn main() {\n    // We now call the method with the i32 type,\n    // which *does* implement the Debug trait.\n    some_func(5i32);\n}\n```\n\nNote that the error here is in the definition of the generic function. Although\nwe only call it with a parameter that does implement `Debug`, the compiler\nstill rejects the function. It must work with all possible input types. In\norder to make this example compile, we need to restrict the generic type we're\naccepting:\n\n```\nuse std::fmt;\n\n// Restrict the input type to types that implement Debug.\nfn some_func<T: fmt::Debug>(foo: T) {\n    println!(\"{:?}\", foo);\n}\n\nfn main() {\n    // Calling the method is still fine, as i32 implements Debug.\n    some_func(5i32);\n\n    // This would fail to compile now:\n    // struct WithoutDebug;\n    // some_func(WithoutDebug);\n}\n```\n\nRust only looks at the signature of the called function, as such it must\nalready specify all requirements that will be used for every type parameter.\n"},"level":"error","spans":[{"file_name":"src/models.rs","byte_start":2299,"byte_end":2309,"line_start":83,"line_end":83,"column_start":50,"column_end":60,"is_primary":true,"text":[{"text":"#[derive(Queryable, Debug, Identifiable, Clone,  Insertable, Serialize, Deserialize)] ","highlight_start":50,"highlight_end":60}],"label":"the trait `diesel::Expression` is not implemented for `NaiveDateTime`, which is required by `NaiveDateTime: AsExpression<diesel::sql_types::Date>`","suggested_replacement":null,"suggestion_applicability":null,"expansion":{"span":{"file_name":"src/models.rs","byte_start":2299,"byte_end":2309,"line_start":83,"line_end":83,"column_start":50,"column_end":60,"is_primary":false,"text":[{"text":"#[derive(Queryable, Debug, Identifiable, Clone,  Insertable, Serialize, Deserialize)] ","highlight_start":50,"highlight_end":60}],"label":null,"suggested_replacement":null,"suggestion_applicability":null,"expansion":null},"macro_decl_name":"#[derive(Insertable)]","def_site_span":{"file_name":"/home/kali/.cargo/registry/src/index.crates.io-6f17d22bba15001f/diesel_derives-2.2.1/src/lib.rs","byte_start":16889,"byte_end":16948,"line_start":417,"line_end":417,"column_start":1,"column_end":60,"is_primary":false,"text":[{"text":"pub fn derive_insertable(input: TokenStream) -> TokenStream {","highlight_start":1,"highlight_end":60}],"label":null,"suggested_replacement":null,"suggestion_applicability":null,"expansion":null}}}],"children":[{"message":"the following other types implement trait `diesel::Expression`:\n  &'a T\n  (T0, T1)\n  (T0, T1, T2)\n  (T0, T1, T2, T3)\n  (T0, T1, T2, T3, T4)\n  (T0, T1, T2, T3, T4, T5)\n  (T0, T1, T2, T3, T4, T5, T6)\n  (T0, T1, T2, T3, T4, T5, T6, T7)\nand 200 others","code":null,"level":"help","spans":[],"children":[],"rendered":null},{"message":"required for `NaiveDateTime` to implement `AsExpression<diesel::sql_types::Date>`","code":null,"level":"note","spans":[],"children":[],"rendered":null}],"rendered":"\u001b[0m\u001b[1m\u001b[38;5;9merror[E0277]\u001b[0m\u001b[0m\u001b[1m: the trait bound `NaiveDateTime: diesel::Expression` is not satisfied\u001b[0m\n\u001b[0m  \u001b[0m\u001b[0m\u001b[1m\u001b[38;5;12m--> \u001b[0m\u001b[0msrc/models.rs:83:50\u001b[0m\n\u001b[0m   \u001b[0m\u001b[0m\u001b[1m\u001b[38;5;12m|\u001b[0m\n\u001b[0m\u001b[1m\u001b[38;5;12m83\u001b[0m\u001b[0m \u001b[0m\u001b[0m\u001b[1m\u001b[38;5;12m|\u001b[0m\u001b[0m \u001b[0m\u001b[0m#[derive(Queryable, Debug, Identifiable, Clone,  Insertable, Serialize, Deserialize)] \u001b[0m\n\u001b[0m   \u001b[0m\u001b[0m\u001b[1m\u001b[38;5;12m| \u001b[0m\u001b[0m                                                 \u001b[0m\u001b[0m\u001b[1m\u001b[38;5;9m^^^^^^^^^^\u001b[0m\u001b[0m \u001b[0m\u001b[0m\u001b[1m\u001b[38;5;9mthe trait `diesel::Expression` is not implemented for `NaiveDateTime`, which is required by `NaiveDateTime: AsExpression<diesel::sql_types::Date>`\u001b[0m\n\u001b[0m   \u001b[0m\u001b[0m\u001b[1m\u001b[38;5;12m|\u001b[0m\n\u001b[0m   \u001b[0m\u001b[0m\u001b[1m\u001b[38;5;12m= \u001b[0m\u001b[0m\u001b[1mhelp\u001b[0m\u001b[0m: the following other types implement trait `diesel::Expression`:\u001b[0m\n\u001b[0m             &'a T\u001b[0m\n\u001b[0m             (T0, T1)\u001b[0m\n\u001b[0m             (T0, T1, T2)\u001b[0m\n\u001b[0m             (T0, T1, T2, T3)\u001b[0m\n\u001b[0m             (T0, T1, T2, T3, T4)\u001b[0m\n\u001b[0m             (T0, T1, T2, T3, T4, T5)\u001b[0m\n\u001b[0m             (T0, T1, T2, T3, T4, T5, T6)\u001b[0m\n\u001b[0m             (T0, T1, T2, T3, T4, T5, T6, T7)\u001b[0m\n\u001b[0m           and 200 others\u001b[0m\n\u001b[0m   \u001b[0m\u001b[0m\u001b[1m\u001b[38;5;12m= \u001b[0m\u001b[0m\u001b[1mnote\u001b[0m\u001b[0m: required for `NaiveDateTime` to implement `AsExpression<diesel::sql_types::Date>`\u001b[0m\n\u001b[0m   \u001b[0m\u001b[0m\u001b[1m\u001b[38;5;12m= \u001b[0m\u001b[0m\u001b[1mnote\u001b[0m\u001b[0m: this error originates in the derive macro `Insertable` (in Nightly builds, run with -Z macro-backtrace for more info)\u001b[0m\n\n"}
{"$message_type":"diagnostic","message":"the trait bound `NaiveDateTime: diesel::Expression` is not satisfied","code":{"code":"E0277","explanation":"You tried to use a type which doesn't implement some trait in a place which\nexpected that trait.\n\nErroneous code example:\n\n```compile_fail,E0277\n// here we declare the Foo trait with a bar method\ntrait Foo {\n    fn bar(&self);\n}\n\n// we now declare a function which takes an object implementing the Foo trait\nfn some_func<T: Foo>(foo: T) {\n    foo.bar();\n}\n\nfn main() {\n    // we now call the method with the i32 type, which doesn't implement\n    // the Foo trait\n    some_func(5i32); // error: the trait bound `i32 : Foo` is not satisfied\n}\n```\n\nIn order to fix this error, verify that the type you're using does implement\nthe trait. Example:\n\n```\ntrait Foo {\n    fn bar(&self);\n}\n\n// we implement the trait on the i32 type\nimpl Foo for i32 {\n    fn bar(&self) {}\n}\n\nfn some_func<T: Foo>(foo: T) {\n    foo.bar(); // we can now use this method since i32 implements the\n               // Foo trait\n}\n\nfn main() {\n    some_func(5i32); // ok!\n}\n```\n\nOr in a generic context, an erroneous code example would look like:\n\n```compile_fail,E0277\nfn some_func<T>(foo: T) {\n    println!(\"{:?}\", foo); // error: the trait `core::fmt::Debug` is not\n                           //        implemented for the type `T`\n}\n\nfn main() {\n    // We now call the method with the i32 type,\n    // which *does* implement the Debug trait.\n    some_func(5i32);\n}\n```\n\nNote that the error here is in the definition of the generic function. Although\nwe only call it with a parameter that does implement `Debug`, the compiler\nstill rejects the function. It must work with all possible input types. In\norder to make this example compile, we need to restrict the generic type we're\naccepting:\n\n```\nuse std::fmt;\n\n// Restrict the input type to types that implement Debug.\nfn some_func<T: fmt::Debug>(foo: T) {\n    println!(\"{:?}\", foo);\n}\n\nfn main() {\n    // Calling the method is still fine, as i32 implements Debug.\n    some_func(5i32);\n\n    // This would fail to compile now:\n    // struct WithoutDebug;\n    // some_func(WithoutDebug);\n}\n```\n\nRust only looks at the signature of the called function, as such it must\nalready specify all requirements that will be used for every type parameter.\n"},"level":"error","spans":[{"file_name":"src/models.rs","byte_start":2299,"byte_end":2309,"line_start":83,"line_end":83,"column_start":50,"column_end":60,"is_primary":true,"text":[{"text":"#[derive(Queryable, Debug, Identifiable, Clone,  Insertable, Serialize, Deserialize)] ","highlight_start":50,"highlight_end":60}],"label":"the trait `diesel::Expression` is not implemented for `NaiveDateTime`, which is required by `NaiveDateTime: AsExpression<diesel::sql_types::Date>`","suggested_replacement":null,"suggestion_applicability":null,"expansion":{"span":{"file_name":"src/models.rs","byte_start":2299,"byte_end":2309,"line_start":83,"line_end":83,"column_start":50,"column_end":60,"is_primary":false,"text":[{"text":"#[derive(Queryable, Debug, Identifiable, Clone,  Insertable, Serialize, Deserialize)] ","highlight_start":50,"highlight_end":60}],"label":null,"suggested_replacement":null,"suggestion_applicability":null,"expansion":null},"macro_decl_name":"#[derive(Insertable)]","def_site_span":{"file_name":"/home/kali/.cargo/registry/src/index.crates.io-6f17d22bba15001f/diesel_derives-2.2.1/src/lib.rs","byte_start":16889,"byte_end":16948,"line_start":417,"line_end":417,"column_start":1,"column_end":60,"is_primary":false,"text":[{"text":"pub fn derive_insertable(input: TokenStream) -> TokenStream {","highlight_start":1,"highlight_end":60}],"label":null,"suggested_replacement":null,"suggestion_applicability":null,"expansion":null}}}],"children":[{"message":"the following other types implement trait `diesel::Expression`:\n  &'a T\n  (T0, T1)\n  (T0, T1, T2)\n  (T0, T1, T2, T3)\n  (T0, T1, T2, T3, T4)\n  (T0, T1, T2, T3, T4, T5)\n  (T0, T1, T2, T3, T4, T5, T6)\n  (T0, T1, T2, T3, T4, T5, T6, T7)\nand 200 others","code":null,"level":"help","spans":[],"children":[],"rendered":null},{"message":"required for `NaiveDateTime` to implement `AsExpression<diesel::sql_types::Date>`","code":null,"level":"note","spans":[],"children":[],"rendered":null}],"rendered":"\u001b[0m\u001b[1m\u001b[38;5;9merror[E0277]\u001b[0m\u001b[0m\u001b[1m: the trait bound `NaiveDateTime: diesel::Expression` is not satisfied\u001b[0m\n\u001b[0m  \u001b[0m\u001b[0m\u001b[1m\u001b[38;5;12m--> \u001b[0m\u001b[0msrc/models.rs:83:50\u001b[0m\n\u001b[0m   \u001b[0m\u001b[0m\u001b[1m\u001b[38;5;12m|\u001b[0m\n\u001b[0m\u001b[1m\u001b[38;5;12m83\u001b[0m\u001b[0m \u001b[0m\u001b[0m\u001b[1m\u001b[38;5;12m|\u001b[0m\u001b[0m \u001b[0m\u001b[0m#[derive(Queryable, Debug, Identifiable, Clone,  Insertable, Serialize, Deserialize)] \u001b[0m\n\u001b[0m   \u001b[0m\u001b[0m\u001b[1m\u001b[38;5;12m| \u001b[0m\u001b[0m                                                 \u001b[0m\u001b[0m\u001b[1m\u001b[38;5;9m^^^^^^^^^^\u001b[0m\u001b[0m \u001b[0m\u001b[0m\u001b[1m\u001b[38;5;9mthe trait `diesel::Expression` is not implemented for `NaiveDateTime`, which is required by `NaiveDateTime: AsExpression<diesel::sql_types::Date>`\u001b[0m\n\u001b[0m   \u001b[0m\u001b[0m\u001b[1m\u001b[38;5;12m|\u001b[0m\n\u001b[0m   \u001b[0m\u001b[0m\u001b[1m\u001b[38;5;12m= \u001b[0m\u001b[0m\u001b[1mhelp\u001b[0m\u001b[0m: the following other types implement trait `diesel::Expression`:\u001b[0m\n\u001b[0m             &'a T\u001b[0m\n\u001b[0m             (T0, T1)\u001b[0m\n\u001b[0m             (T0, T1, T2)\u001b[0m\n\u001b[0m             (T0, T1, T2, T3)\u001b[0m\n\u001b[0m             (T0, T1, T2, T3, T4)\u001b[0m\n\u001b[0m             (T0, T1, T2, T3, T4, T5)\u001b[0m\n\u001b[0m             (T0, T1, T2, T3, T4, T5, T6)\u001b[0m\n\u001b[0m             (T0, T1, T2, T3, T4, T5, T6, T7)\u001b[0m\n\u001b[0m           and 200 others\u001b[0m\n\u001b[0m   \u001b[0m\u001b[0m\u001b[1m\u001b[38;5;12m= \u001b[0m\u001b[0m\u001b[1mnote\u001b[0m\u001b[0m: required for `NaiveDateTime` to implement `AsExpression<diesel::sql_types::Date>`\u001b[0m\n\u001b[0m   \u001b[0m\u001b[0m\u001b[1m\u001b[38;5;12m= \u001b[0m\u001b[0m\u001b[1mnote\u001b[0m\u001b[0m: this error originates in the derive macro `Insertable` (in Nightly builds, run with -Z macro-backtrace for more info)\u001b[0m\n\n"}
{"$message_type":"diagnostic","message":"the trait bound `NaiveDateTime: diesel::Expression` is not satisfied","code":{"code":"E0277","explanation":"You tried to use a type which doesn't implement some trait in a place which\nexpected that trait.\n\nErroneous code example:\n\n```compile_fail,E0277\n// here we declare the Foo trait with a bar method\ntrait Foo {\n    fn bar(&self);\n}\n\n// we now declare a function which takes an object implementing the Foo trait\nfn some_func<T: Foo>(foo: T) {\n    foo.bar();\n}\n\nfn main() {\n    // we now call the method with the i32 type, which doesn't implement\n    // the Foo trait\n    some_func(5i32); // error: the trait bound `i32 : Foo` is not satisfied\n}\n```\n\nIn order to fix this error, verify that the type you're using does implement\nthe trait. Example:\n\n```\ntrait Foo {\n    fn bar(&self);\n}\n\n// we implement the trait on the i32 type\nimpl Foo for i32 {\n    fn bar(&self) {}\n}\n\nfn some_func<T: Foo>(foo: T) {\n    foo.bar(); // we can now use this method since i32 implements the\n               // Foo trait\n}\n\nfn main() {\n    some_func(5i32); // ok!\n}\n```\n\nOr in a generic context, an erroneous code example would look like:\n\n```compile_fail,E0277\nfn some_func<T>(foo: T) {\n    println!(\"{:?}\", foo); // error: the trait `core::fmt::Debug` is not\n                           //        implemented for the type `T`\n}\n\nfn main() {\n    // We now call the method with the i32 type,\n    // which *does* implement the Debug trait.\n    some_func(5i32);\n}\n```\n\nNote that the error here is in the definition of the generic function. Although\nwe only call it with a parameter that does implement `Debug`, the compiler\nstill rejects the function. It must work with all possible input types. In\norder to make this example compile, we need to restrict the generic type we're\naccepting:\n\n```\nuse std::fmt;\n\n// Restrict the input type to types that implement Debug.\nfn some_func<T: fmt::Debug>(foo: T) {\n    println!(\"{:?}\", foo);\n}\n\nfn main() {\n    // Calling the method is still fine, as i32 implements Debug.\n    some_func(5i32);\n\n    // This would fail to compile now:\n    // struct WithoutDebug;\n    // some_func(WithoutDebug);\n}\n```\n\nRust only looks at the signature of the called function, as such it must\nalready specify all requirements that will be used for every type parameter.\n"},"level":"error","spans":[{"file_name":"src/models.rs","byte_start":2299,"byte_end":2309,"line_start":83,"line_end":83,"column_start":50,"column_end":60,"is_primary":true,"text":[{"text":"#[derive(Queryable, Debug, Identifiable, Clone,  Insertable, Serialize, Deserialize)] ","highlight_start":50,"highlight_end":60}],"label":"the trait `diesel::Expression` is not implemented for `NaiveDateTime`, which is required by `&'insert NaiveDateTime: AsExpression<diesel::sql_types::Date>`","suggested_replacement":null,"suggestion_applicability":null,"expansion":{"span":{"file_name":"src/models.rs","byte_start":2299,"byte_end":2309,"line_start":83,"line_end":83,"column_start":50,"column_end":60,"is_primary":false,"text":[{"text":"#[derive(Queryable, Debug, Identifiable, Clone,  Insertable, Serialize, Deserialize)] ","highlight_start":50,"highlight_end":60}],"label":null,"suggested_replacement":null,"suggestion_applicability":null,"expansion":null},"macro_decl_name":"#[derive(Insertable)]","def_site_span":{"file_name":"/home/kali/.cargo/registry/src/index.crates.io-6f17d22bba15001f/diesel_derives-2.2.1/src/lib.rs","byte_start":16889,"byte_end":16948,"line_start":417,"line_end":417,"column_start":1,"column_end":60,"is_primary":false,"text":[{"text":"pub fn derive_insertable(input: TokenStream) -> TokenStream {","highlight_start":1,"highlight_end":60}],"label":null,"suggested_replacement":null,"suggestion_applicability":null,"expansion":null}}}],"children":[{"message":"the following other types implement trait `diesel::Expression`:\n  &'a T\n  (T0, T1)\n  (T0, T1, T2)\n  (T0, T1, T2, T3)\n  (T0, T1, T2, T3, T4)\n  (T0, T1, T2, T3, T4, T5)\n  (T0, T1, T2, T3, T4, T5, T6)\n  (T0, T1, T2, T3, T4, T5, T6, T7)\nand 200 others","code":null,"level":"help","spans":[],"children":[],"rendered":null},{"message":"required for `&'insert NaiveDateTime` to implement `diesel::Expression`","code":null,"level":"note","spans":[],"children":[],"rendered":null},{"message":"required for `&'insert NaiveDateTime` to implement `AsExpression<diesel::sql_types::Date>`","code":null,"level":"note","spans":[],"children":[],"rendered":null}],"rendered":"\u001b[0m\u001b[1m\u001b[38;5;9merror[E0277]\u001b[0m\u001b[0m\u001b[1m: the trait bound `NaiveDateTime: diesel::Expression` is not satisfied\u001b[0m\n\u001b[0m  \u001b[0m\u001b[0m\u001b[1m\u001b[38;5;12m--> \u001b[0m\u001b[0msrc/models.rs:83:50\u001b[0m\n\u001b[0m   \u001b[0m\u001b[0m\u001b[1m\u001b[38;5;12m|\u001b[0m\n\u001b[0m\u001b[1m\u001b[38;5;12m83\u001b[0m\u001b[0m \u001b[0m\u001b[0m\u001b[1m\u001b[38;5;12m|\u001b[0m\u001b[0m \u001b[0m\u001b[0m#[derive(Queryable, Debug, Identifiable, Clone,  Insertable, Serialize, Deserialize)] \u001b[0m\n\u001b[0m   \u001b[0m\u001b[0m\u001b[1m\u001b[38;5;12m| \u001b[0m\u001b[0m                                                 \u001b[0m\u001b[0m\u001b[1m\u001b[38;5;9m^^^^^^^^^^\u001b[0m\u001b[0m \u001b[0m\u001b[0m\u001b[1m\u001b[38;5;9mthe trait `diesel::Expression` is not implemented for `NaiveDateTime`, which is required by `&'insert NaiveDateTime: AsExpression<diesel::sql_types::Date>`\u001b[0m\n\u001b[0m   \u001b[0m\u001b[0m\u001b[1m\u001b[38;5;12m|\u001b[0m\n\u001b[0m   \u001b[0m\u001b[0m\u001b[1m\u001b[38;5;12m= \u001b[0m\u001b[0m\u001b[1mhelp\u001b[0m\u001b[0m: the following other types implement trait `diesel::Expression`:\u001b[0m\n\u001b[0m             &'a T\u001b[0m\n\u001b[0m             (T0, T1)\u001b[0m\n\u001b[0m             (T0, T1, T2)\u001b[0m\n\u001b[0m             (T0, T1, T2, T3)\u001b[0m\n\u001b[0m             (T0, T1, T2, T3, T4)\u001b[0m\n\u001b[0m             (T0, T1, T2, T3, T4, T5)\u001b[0m\n\u001b[0m             (T0, T1, T2, T3, T4, T5, T6)\u001b[0m\n\u001b[0m             (T0, T1, T2, T3, T4, T5, T6, T7)\u001b[0m\n\u001b[0m           and 200 others\u001b[0m\n\u001b[0m   \u001b[0m\u001b[0m\u001b[1m\u001b[38;5;12m= \u001b[0m\u001b[0m\u001b[1mnote\u001b[0m\u001b[0m: required for `&'insert NaiveDateTime` to implement `diesel::Expression`\u001b[0m\n\u001b[0m   \u001b[0m\u001b[0m\u001b[1m\u001b[38;5;12m= \u001b[0m\u001b[0m\u001b[1mnote\u001b[0m\u001b[0m: required for `&'insert NaiveDateTime` to implement `AsExpression<diesel::sql_types::Date>`\u001b[0m\n\u001b[0m   \u001b[0m\u001b[0m\u001b[1m\u001b[38;5;12m= \u001b[0m\u001b[0m\u001b[1mnote\u001b[0m\u001b[0m: this error originates in the derive macro `Insertable` (in Nightly builds, run with -Z macro-backtrace for more info)\u001b[0m\n\n"}
{"$message_type":"diagnostic","message":"the trait bound `NaiveDateTime: diesel::Expression` is not satisfied","code":{"code":"E0277","explanation":"You tried to use a type which doesn't implement some trait in a place which\nexpected that trait.\n\nErroneous code example:\n\n```compile_fail,E0277\n// here we declare the Foo trait with a bar method\ntrait Foo {\n    fn bar(&self);\n}\n\n// we now declare a function which takes an object implementing the Foo trait\nfn some_func<T: Foo>(foo: T) {\n    foo.bar();\n}\n\nfn main() {\n    // we now call the method with the i32 type, which doesn't implement\n    // the Foo trait\n    some_func(5i32); // error: the trait bound `i32 : Foo` is not satisfied\n}\n```\n\nIn order to fix this error, verify that the type you're using does implement\nthe trait. Example:\n\n```\ntrait Foo {\n    fn bar(&self);\n}\n\n// we implement the trait on the i32 type\nimpl Foo for i32 {\n    fn bar(&self) {}\n}\n\nfn some_func<T: Foo>(foo: T) {\n    foo.bar(); // we can now use this method since i32 implements the\n               // Foo trait\n}\n\nfn main() {\n    some_func(5i32); // ok!\n}\n```\n\nOr in a generic context, an erroneous code example would look like:\n\n```compile_fail,E0277\nfn some_func<T>(foo: T) {\n    println!(\"{:?}\", foo); // error: the trait `core::fmt::Debug` is not\n                           //        implemented for the type `T`\n}\n\nfn main() {\n    // We now call the method with the i32 type,\n    // which *does* implement the Debug trait.\n    some_func(5i32);\n}\n```\n\nNote that the error here is in the definition of the generic function. Although\nwe only call it with a parameter that does implement `Debug`, the compiler\nstill rejects the function. It must work with all possible input types. In\norder to make this example compile, we need to restrict the generic type we're\naccepting:\n\n```\nuse std::fmt;\n\n// Restrict the input type to types that implement Debug.\nfn some_func<T: fmt::Debug>(foo: T) {\n    println!(\"{:?}\", foo);\n}\n\nfn main() {\n    // Calling the method is still fine, as i32 implements Debug.\n    some_func(5i32);\n\n    // This would fail to compile now:\n    // struct WithoutDebug;\n    // some_func(WithoutDebug);\n}\n```\n\nRust only looks at the signature of the called function, as such it must\nalready specify all requirements that will be used for every type parameter.\n"},"level":"error","spans":[{"file_name":"src/models.rs","byte_start":2299,"byte_end":2309,"line_start":83,"line_end":83,"column_start":50,"column_end":60,"is_primary":true,"text":[{"text":"#[derive(Queryable, Debug, Identifiable, Clone,  Insertable, Serialize, Deserialize)] ","highlight_start":50,"highlight_end":60}],"label":"the trait `diesel::Expression` is not implemented for `NaiveDateTime`, which is required by `&'insert NaiveDateTime: AsExpression<diesel::sql_types::Date>`","suggested_replacement":null,"suggestion_applicability":null,"expansion":{"span":{"file_name":"src/models.rs","byte_start":2299,"byte_end":2309,"line_start":83,"line_end":83,"column_start":50,"column_end":60,"is_primary":false,"text":[{"text":"#[derive(Queryable, Debug, Identifiable, Clone,  Insertable, Serialize, Deserialize)] ","highlight_start":50,"highlight_end":60}],"label":null,"suggested_replacement":null,"suggestion_applicability":null,"expansion":null},"macro_decl_name":"#[derive(Insertable)]","def_site_span":{"file_name":"/home/kali/.cargo/registry/src/index.crates.io-6f17d22bba15001f/diesel_derives-2.2.1/src/lib.rs","byte_start":16889,"byte_end":16948,"line_start":417,"line_end":417,"column_start":1,"column_end":60,"is_primary":false,"text":[{"text":"pub fn derive_insertable(input: TokenStream) -> TokenStream {","highlight_start":1,"highlight_end":60}],"label":null,"suggested_replacement":null,"suggestion_applicability":null,"expansion":null}}}],"children":[{"message":"the following other types implement trait `diesel::Expression`:\n  &'a T\n  (T0, T1)\n  (T0, T1, T2)\n  (T0, T1, T2, T3)\n  (T0, T1, T2, T3, T4)\n  (T0, T1, T2, T3, T4, T5)\n  (T0, T1, T2, T3, T4, T5, T6)\n  (T0, T1, T2, T3, T4, T5, T6, T7)\nand 200 others","code":null,"level":"help","spans":[],"children":[],"rendered":null},{"message":"required for `&'insert NaiveDateTime` to implement `diesel::Expression`","code":null,"level":"note","spans":[],"children":[],"rendered":null},{"message":"required for `&'insert NaiveDateTime` to implement `AsExpression<diesel::sql_types::Date>`","code":null,"level":"note","spans":[],"children":[],"rendered":null}],"rendered":"\u001b[0m\u001b[1m\u001b[38;5;9merror[E0277]\u001b[0m\u001b[0m\u001b[1m: the trait bound `NaiveDateTime: diesel::Expression` is not satisfied\u001b[0m\n\u001b[0m  \u001b[0m\u001b[0m\u001b[1m\u001b[38;5;12m--> \u001b[0m\u001b[0msrc/models.rs:83:50\u001b[0m\n\u001b[0m   \u001b[0m\u001b[0m\u001b[1m\u001b[38;5;12m|\u001b[0m\n\u001b[0m\u001b[1m\u001b[38;5;12m83\u001b[0m\u001b[0m \u001b[0m\u001b[0m\u001b[1m\u001b[38;5;12m|\u001b[0m\u001b[0m \u001b[0m\u001b[0m#[derive(Queryable, Debug, Identifiable, Clone,  Insertable, Serialize, Deserialize)] \u001b[0m\n\u001b[0m   \u001b[0m\u001b[0m\u001b[1m\u001b[38;5;12m| \u001b[0m\u001b[0m                                                 \u001b[0m\u001b[0m\u001b[1m\u001b[38;5;9m^^^^^^^^^^\u001b[0m\u001b[0m \u001b[0m\u001b[0m\u001b[1m\u001b[38;5;9mthe trait `diesel::Expression` is not implemented for `NaiveDateTime`, which is required by `&'insert NaiveDateTime: AsExpression<diesel::sql_types::Date>`\u001b[0m\n\u001b[0m   \u001b[0m\u001b[0m\u001b[1m\u001b[38;5;12m|\u001b[0m\n\u001b[0m   \u001b[0m\u001b[0m\u001b[1m\u001b[38;5;12m= \u001b[0m\u001b[0m\u001b[1mhelp\u001b[0m\u001b[0m: the following other types implement trait `diesel::Expression`:\u001b[0m\n\u001b[0m             &'a T\u001b[0m\n\u001b[0m             (T0, T1)\u001b[0m\n\u001b[0m             (T0, T1, T2)\u001b[0m\n\u001b[0m             (T0, T1, T2, T3)\u001b[0m\n\u001b[0m             (T0, T1, T2, T3, T4)\u001b[0m\n\u001b[0m             (T0, T1, T2, T3, T4, T5)\u001b[0m\n\u001b[0m             (T0, T1, T2, T3, T4, T5, T6)\u001b[0m\n\u001b[0m             (T0, T1, T2, T3, T4, T5, T6, T7)\u001b[0m\n\u001b[0m           and 200 others\u001b[0m\n\u001b[0m   \u001b[0m\u001b[0m\u001b[1m\u001b[38;5;12m= \u001b[0m\u001b[0m\u001b[1mnote\u001b[0m\u001b[0m: required for `&'insert NaiveDateTime` to implement `diesel::Expression`\u001b[0m\n\u001b[0m   \u001b[0m\u001b[0m\u001b[1m\u001b[38;5;12m= \u001b[0m\u001b[0m\u001b[1mnote\u001b[0m\u001b[0m: required for `&'insert NaiveDateTime` to implement `AsExpression<diesel::sql_types::Date>`\u001b[0m\n\u001b[0m   \u001b[0m\u001b[0m\u001b[1m\u001b[38;5;12m= \u001b[0m\u001b[0m\u001b[1mnote\u001b[0m\u001b[0m: this error originates in the derive macro `Insertable` (in Nightly builds, run with -Z macro-backtrace for more info)\u001b[0m\n\n"}
{"$message_type":"diagnostic","message":"the trait bound `NaiveDateTime: diesel::Expression` is not satisfied","code":{"code":"E0277","explanation":"You tried to use a type which doesn't implement some trait in a place which\nexpected that trait.\n\nErroneous code example:\n\n```compile_fail,E0277\n// here we declare the Foo trait with a bar method\ntrait Foo {\n    fn bar(&self);\n}\n\n// we now declare a function which takes an object implementing the Foo trait\nfn some_func<T: Foo>(foo: T) {\n    foo.bar();\n}\n\nfn main() {\n    // we now call the method with the i32 type, which doesn't implement\n    // the Foo trait\n    some_func(5i32); // error: the trait bound `i32 : Foo` is not satisfied\n}\n```\n\nIn order to fix this error, verify that the type you're using does implement\nthe trait. Example:\n\n```\ntrait Foo {\n    fn bar(&self);\n}\n\n// we implement the trait on the i32 type\nimpl Foo for i32 {\n    fn bar(&self) {}\n}\n\nfn some_func<T: Foo>(foo: T) {\n    foo.bar(); // we can now use this method since i32 implements the\n               // Foo trait\n}\n\nfn main() {\n    some_func(5i32); // ok!\n}\n```\n\nOr in a generic context, an erroneous code example would look like:\n\n```compile_fail,E0277\nfn some_func<T>(foo: T) {\n    println!(\"{:?}\", foo); // error: the trait `core::fmt::Debug` is not\n                           //        implemented for the type `T`\n}\n\nfn main() {\n    // We now call the method with the i32 type,\n    // which *does* implement the Debug trait.\n    some_func(5i32);\n}\n```\n\nNote that the error here is in the definition of the generic function. Although\nwe only call it with a parameter that does implement `Debug`, the compiler\nstill rejects the function. It must work with all possible input types. In\norder to make this example compile, we need to restrict the generic type we're\naccepting:\n\n```\nuse std::fmt;\n\n// Restrict the input type to types that implement Debug.\nfn some_func<T: fmt::Debug>(foo: T) {\n    println!(\"{:?}\", foo);\n}\n\nfn main() {\n    // Calling the method is still fine, as i32 implements Debug.\n    some_func(5i32);\n\n    // This would fail to compile now:\n    // struct WithoutDebug;\n    // some_func(WithoutDebug);\n}\n```\n\nRust only looks at the signature of the called function, as such it must\nalready specify all requirements that will be used for every type parameter.\n"},"level":"error","spans":[{"file_name":"src/models.rs","byte_start":2535,"byte_end":2543,"line_start":91,"line_end":91,"column_start":9,"column_end":17,"is_primary":true,"text":[{"text":"    pub end_date: NaiveDateTime,","highlight_start":9,"highlight_end":17}],"label":"the trait `diesel::Expression` is not implemented for `NaiveDateTime`, which is required by `NaiveDateTime: AsExpression<diesel::sql_types::Date>`","suggested_replacement":null,"suggestion_applicability":null,"expansion":null}],"children":[{"message":"the following other types implement trait `diesel::Expression`:\n  &'a T\n  (T0, T1)\n  (T0, T1, T2)\n  (T0, T1, T2, T3)\n  (T0, T1, T2, T3, T4)\n  (T0, T1, T2, T3, T4, T5)\n  (T0, T1, T2, T3, T4, T5, T6)\n  (T0, T1, T2, T3, T4, T5, T6, T7)\nand 200 others","code":null,"level":"help","spans":[],"children":[],"rendered":null},{"message":"required for `NaiveDateTime` to implement `AsExpression<diesel::sql_types::Date>`","code":null,"level":"note","spans":[],"children":[],"rendered":null}],"rendered":"\u001b[0m\u001b[1m\u001b[38;5;9merror[E0277]\u001b[0m\u001b[0m\u001b[1m: the trait bound `NaiveDateTime: diesel::Expression` is not satisfied\u001b[0m\n\u001b[0m  \u001b[0m\u001b[0m\u001b[1m\u001b[38;5;12m--> \u001b[0m\u001b[0msrc/models.rs:91:9\u001b[0m\n\u001b[0m   \u001b[0m\u001b[0m\u001b[1m\u001b[38;5;12m|\u001b[0m\n\u001b[0m\u001b[1m\u001b[38;5;12m91\u001b[0m\u001b[0m \u001b[0m\u001b[0m\u001b[1m\u001b[38;5;12m|\u001b[0m\u001b[0m \u001b[0m\u001b[0m    pub end_date: NaiveDateTime,\u001b[0m\n\u001b[0m   \u001b[0m\u001b[0m\u001b[1m\u001b[38;5;12m| \u001b[0m\u001b[0m        \u001b[0m\u001b[0m\u001b[1m\u001b[38;5;9m^^^^^^^^\u001b[0m\u001b[0m \u001b[0m\u001b[0m\u001b[1m\u001b[38;5;9mthe trait `diesel::Expression` is not implemented for `NaiveDateTime`, which is required by `NaiveDateTime: AsExpression<diesel::sql_types::Date>`\u001b[0m\n\u001b[0m   \u001b[0m\u001b[0m\u001b[1m\u001b[38;5;12m|\u001b[0m\n\u001b[0m   \u001b[0m\u001b[0m\u001b[1m\u001b[38;5;12m= \u001b[0m\u001b[0m\u001b[1mhelp\u001b[0m\u001b[0m: the following other types implement trait `diesel::Expression`:\u001b[0m\n\u001b[0m             &'a T\u001b[0m\n\u001b[0m             (T0, T1)\u001b[0m\n\u001b[0m             (T0, T1, T2)\u001b[0m\n\u001b[0m             (T0, T1, T2, T3)\u001b[0m\n\u001b[0m             (T0, T1, T2, T3, T4)\u001b[0m\n\u001b[0m             (T0, T1, T2, T3, T4, T5)\u001b[0m\n\u001b[0m             (T0, T1, T2, T3, T4, T5, T6)\u001b[0m\n\u001b[0m             (T0, T1, T2, T3, T4, T5, T6, T7)\u001b[0m\n\u001b[0m           and 200 others\u001b[0m\n\u001b[0m   \u001b[0m\u001b[0m\u001b[1m\u001b[38;5;12m= \u001b[0m\u001b[0m\u001b[1mnote\u001b[0m\u001b[0m: required for `NaiveDateTime` to implement `AsExpression<diesel::sql_types::Date>`\u001b[0m\n\n"}
{"$message_type":"diagnostic","message":"the trait bound `NaiveDateTime: diesel::Expression` is not satisfied","code":{"code":"E0277","explanation":"You tried to use a type which doesn't implement some trait in a place which\nexpected that trait.\n\nErroneous code example:\n\n```compile_fail,E0277\n// here we declare the Foo trait with a bar method\ntrait Foo {\n    fn bar(&self);\n}\n\n// we now declare a function which takes an object implementing the Foo trait\nfn some_func<T: Foo>(foo: T) {\n    foo.bar();\n}\n\nfn main() {\n    // we now call the method with the i32 type, which doesn't implement\n    // the Foo trait\n    some_func(5i32); // error: the trait bound `i32 : Foo` is not satisfied\n}\n```\n\nIn order to fix this error, verify that the type you're using does implement\nthe trait. Example:\n\n```\ntrait Foo {\n    fn bar(&self);\n}\n\n// we implement the trait on the i32 type\nimpl Foo for i32 {\n    fn bar(&self) {}\n}\n\nfn some_func<T: Foo>(foo: T) {\n    foo.bar(); // we can now use this method since i32 implements the\n               // Foo trait\n}\n\nfn main() {\n    some_func(5i32); // ok!\n}\n```\n\nOr in a generic context, an erroneous code example would look like:\n\n```compile_fail,E0277\nfn some_func<T>(foo: T) {\n    println!(\"{:?}\", foo); // error: the trait `core::fmt::Debug` is not\n                           //        implemented for the type `T`\n}\n\nfn main() {\n    // We now call the method with the i32 type,\n    // which *does* implement the Debug trait.\n    some_func(5i32);\n}\n```\n\nNote that the error here is in the definition of the generic function. Although\nwe only call it with a parameter that does implement `Debug`, the compiler\nstill rejects the function. It must work with all possible input types. In\norder to make this example compile, we need to restrict the generic type we're\naccepting:\n\n```\nuse std::fmt;\n\n// Restrict the input type to types that implement Debug.\nfn some_func<T: fmt::Debug>(foo: T) {\n    println!(\"{:?}\", foo);\n}\n\nfn main() {\n    // Calling the method is still fine, as i32 implements Debug.\n    some_func(5i32);\n\n    // This would fail to compile now:\n    // struct WithoutDebug;\n    // some_func(WithoutDebug);\n}\n```\n\nRust only looks at the signature of the called function, as such it must\nalready specify all requirements that will be used for every type parameter.\n"},"level":"error","spans":[{"file_name":"src/models.rs","byte_start":2535,"byte_end":2543,"line_start":91,"line_end":91,"column_start":9,"column_end":17,"is_primary":true,"text":[{"text":"    pub end_date: NaiveDateTime,","highlight_start":9,"highlight_end":17}],"label":"the trait `diesel::Expression` is not implemented for `NaiveDateTime`, which is required by `NaiveDateTime: AsExpression<diesel::sql_types::Date>`","suggested_replacement":null,"suggestion_applicability":null,"expansion":null}],"children":[{"message":"the following other types implement trait `diesel::Expression`:\n  &'a T\n  (T0, T1)\n  (T0, T1, T2)\n  (T0, T1, T2, T3)\n  (T0, T1, T2, T3, T4)\n  (T0, T1, T2, T3, T4, T5)\n  (T0, T1, T2, T3, T4, T5, T6)\n  (T0, T1, T2, T3, T4, T5, T6, T7)\nand 200 others","code":null,"level":"help","spans":[],"children":[],"rendered":null},{"message":"required for `NaiveDateTime` to implement `AsExpression<diesel::sql_types::Date>`","code":null,"level":"note","spans":[],"children":[],"rendered":null}],"rendered":"\u001b[0m\u001b[1m\u001b[38;5;9merror[E0277]\u001b[0m\u001b[0m\u001b[1m: the trait bound `NaiveDateTime: diesel::Expression` is not satisfied\u001b[0m\n\u001b[0m  \u001b[0m\u001b[0m\u001b[1m\u001b[38;5;12m--> \u001b[0m\u001b[0msrc/models.rs:91:9\u001b[0m\n\u001b[0m   \u001b[0m\u001b[0m\u001b[1m\u001b[38;5;12m|\u001b[0m\n\u001b[0m\u001b[1m\u001b[38;5;12m91\u001b[0m\u001b[0m \u001b[0m\u001b[0m\u001b[1m\u001b[38;5;12m|\u001b[0m\u001b[0m \u001b[0m\u001b[0m    pub end_date: NaiveDateTime,\u001b[0m\n\u001b[0m   \u001b[0m\u001b[0m\u001b[1m\u001b[38;5;12m| \u001b[0m\u001b[0m        \u001b[0m\u001b[0m\u001b[1m\u001b[38;5;9m^^^^^^^^\u001b[0m\u001b[0m \u001b[0m\u001b[0m\u001b[1m\u001b[38;5;9mthe trait `diesel::Expression` is not implemented for `NaiveDateTime`, which is required by `NaiveDateTime: AsExpression<diesel::sql_types::Date>`\u001b[0m\n\u001b[0m   \u001b[0m\u001b[0m\u001b[1m\u001b[38;5;12m|\u001b[0m\n\u001b[0m   \u001b[0m\u001b[0m\u001b[1m\u001b[38;5;12m= \u001b[0m\u001b[0m\u001b[1mhelp\u001b[0m\u001b[0m: the following other types implement trait `diesel::Expression`:\u001b[0m\n\u001b[0m             &'a T\u001b[0m\n\u001b[0m             (T0, T1)\u001b[0m\n\u001b[0m             (T0, T1, T2)\u001b[0m\n\u001b[0m             (T0, T1, T2, T3)\u001b[0m\n\u001b[0m             (T0, T1, T2, T3, T4)\u001b[0m\n\u001b[0m             (T0, T1, T2, T3, T4, T5)\u001b[0m\n\u001b[0m             (T0, T1, T2, T3, T4, T5, T6)\u001b[0m\n\u001b[0m             (T0, T1, T2, T3, T4, T5, T6, T7)\u001b[0m\n\u001b[0m           and 200 others\u001b[0m\n\u001b[0m   \u001b[0m\u001b[0m\u001b[1m\u001b[38;5;12m= \u001b[0m\u001b[0m\u001b[1mnote\u001b[0m\u001b[0m: required for `NaiveDateTime` to implement `AsExpression<diesel::sql_types::Date>`\u001b[0m\n\n"}
{"$message_type":"diagnostic","message":"the trait bound `NaiveDateTime: diesel::Expression` is not satisfied","code":{"code":"E0277","explanation":"You tried to use a type which doesn't implement some trait in a place which\nexpected that trait.\n\nErroneous code example:\n\n```compile_fail,E0277\n// here we declare the Foo trait with a bar method\ntrait Foo {\n    fn bar(&self);\n}\n\n// we now declare a function which takes an object implementing the Foo trait\nfn some_func<T: Foo>(foo: T) {\n    foo.bar();\n}\n\nfn main() {\n    // we now call the method with the i32 type, which doesn't implement\n    // the Foo trait\n    some_func(5i32); // error: the trait bound `i32 : Foo` is not satisfied\n}\n```\n\nIn order to fix this error, verify that the type you're using does implement\nthe trait. Example:\n\n```\ntrait Foo {\n    fn bar(&self);\n}\n\n// we implement the trait on the i32 type\nimpl Foo for i32 {\n    fn bar(&self) {}\n}\n\nfn some_func<T: Foo>(foo: T) {\n    foo.bar(); // we can now use this method since i32 implements the\n               // Foo trait\n}\n\nfn main() {\n    some_func(5i32); // ok!\n}\n```\n\nOr in a generic context, an erroneous code example would look like:\n\n```compile_fail,E0277\nfn some_func<T>(foo: T) {\n    println!(\"{:?}\", foo); // error: the trait `core::fmt::Debug` is not\n                           //        implemented for the type `T`\n}\n\nfn main() {\n    // We now call the method with the i32 type,\n    // which *does* implement the Debug trait.\n    some_func(5i32);\n}\n```\n\nNote that the error here is in the definition of the generic function. Although\nwe only call it with a parameter that does implement `Debug`, the compiler\nstill rejects the function. It must work with all possible input types. In\norder to make this example compile, we need to restrict the generic type we're\naccepting:\n\n```\nuse std::fmt;\n\n// Restrict the input type to types that implement Debug.\nfn some_func<T: fmt::Debug>(foo: T) {\n    println!(\"{:?}\", foo);\n}\n\nfn main() {\n    // Calling the method is still fine, as i32 implements Debug.\n    some_func(5i32);\n\n    // This would fail to compile now:\n    // struct WithoutDebug;\n    // some_func(WithoutDebug);\n}\n```\n\nRust only looks at the signature of the called function, as such it must\nalready specify all requirements that will be used for every type parameter.\n"},"level":"error","spans":[{"file_name":"src/models.rs","byte_start":2535,"byte_end":2543,"line_start":91,"line_end":91,"column_start":9,"column_end":17,"is_primary":true,"text":[{"text":"    pub end_date: NaiveDateTime,","highlight_start":9,"highlight_end":17}],"label":"the trait `diesel::Expression` is not implemented for `NaiveDateTime`, which is required by `&'insert NaiveDateTime: AsExpression<diesel::sql_types::Date>`","suggested_replacement":null,"suggestion_applicability":null,"expansion":null}],"children":[{"message":"the following other types implement trait `diesel::Expression`:\n  &'a T\n  (T0, T1)\n  (T0, T1, T2)\n  (T0, T1, T2, T3)\n  (T0, T1, T2, T3, T4)\n  (T0, T1, T2, T3, T4, T5)\n  (T0, T1, T2, T3, T4, T5, T6)\n  (T0, T1, T2, T3, T4, T5, T6, T7)\nand 200 others","code":null,"level":"help","spans":[],"children":[],"rendered":null},{"message":"required for `&'insert NaiveDateTime` to implement `diesel::Expression`","code":null,"level":"note","spans":[],"children":[],"rendered":null},{"message":"required for `&'insert NaiveDateTime` to implement `AsExpression<diesel::sql_types::Date>`","code":null,"level":"note","spans":[],"children":[],"rendered":null}],"rendered":"\u001b[0m\u001b[1m\u001b[38;5;9merror[E0277]\u001b[0m\u001b[0m\u001b[1m: the trait bound `NaiveDateTime: diesel::Expression` is not satisfied\u001b[0m\n\u001b[0m  \u001b[0m\u001b[0m\u001b[1m\u001b[38;5;12m--> \u001b[0m\u001b[0msrc/models.rs:91:9\u001b[0m\n\u001b[0m   \u001b[0m\u001b[0m\u001b[1m\u001b[38;5;12m|\u001b[0m\n\u001b[0m\u001b[1m\u001b[38;5;12m91\u001b[0m\u001b[0m \u001b[0m\u001b[0m\u001b[1m\u001b[38;5;12m|\u001b[0m\u001b[0m \u001b[0m\u001b[0m    pub end_date: NaiveDateTime,\u001b[0m\n\u001b[0m   \u001b[0m\u001b[0m\u001b[1m\u001b[38;5;12m| \u001b[0m\u001b[0m        \u001b[0m\u001b[0m\u001b[1m\u001b[38;5;9m^^^^^^^^\u001b[0m\u001b[0m \u001b[0m\u001b[0m\u001b[1m\u001b[38;5;9mthe trait `diesel::Expression` is not implemented for `NaiveDateTime`, which is required by `&'insert NaiveDateTime: AsExpression<diesel::sql_types::Date>`\u001b[0m\n\u001b[0m   \u001b[0m\u001b[0m\u001b[1m\u001b[38;5;12m|\u001b[0m\n\u001b[0m   \u001b[0m\u001b[0m\u001b[1m\u001b[38;5;12m= \u001b[0m\u001b[0m\u001b[1mhelp\u001b[0m\u001b[0m: the following other types implement trait `diesel::Expression`:\u001b[0m\n\u001b[0m             &'a T\u001b[0m\n\u001b[0m             (T0, T1)\u001b[0m\n\u001b[0m             (T0, T1, T2)\u001b[0m\n\u001b[0m             (T0, T1, T2, T3)\u001b[0m\n\u001b[0m             (T0, T1, T2, T3, T4)\u001b[0m\n\u001b[0m             (T0, T1, T2, T3, T4, T5)\u001b[0m\n\u001b[0m             (T0, T1, T2, T3, T4, T5, T6)\u001b[0m\n\u001b[0m             (T0, T1, T2, T3, T4, T5, T6, T7)\u001b[0m\n\u001b[0m           and 200 others\u001b[0m\n\u001b[0m   \u001b[0m\u001b[0m\u001b[1m\u001b[38;5;12m= \u001b[0m\u001b[0m\u001b[1mnote\u001b[0m\u001b[0m: required for `&'insert NaiveDateTime` to implement `diesel::Expression`\u001b[0m\n\u001b[0m   \u001b[0m\u001b[0m\u001b[1m\u001b[38;5;12m= \u001b[0m\u001b[0m\u001b[1mnote\u001b[0m\u001b[0m: required for `&'insert NaiveDateTime` to implement `AsExpression<diesel::sql_types::Date>`\u001b[0m\n\n"}
{"$message_type":"diagnostic","message":"the trait bound `NaiveDateTime: diesel::Expression` is not satisfied","code":{"code":"E0277","explanation":"You tried to use a type which doesn't implement some trait in a place which\nexpected that trait.\n\nErroneous code example:\n\n```compile_fail,E0277\n// here we declare the Foo trait with a bar method\ntrait Foo {\n    fn bar(&self);\n}\n\n// we now declare a function which takes an object implementing the Foo trait\nfn some_func<T: Foo>(foo: T) {\n    foo.bar();\n}\n\nfn main() {\n    // we now call the method with the i32 type, which doesn't implement\n    // the Foo trait\n    some_func(5i32); // error: the trait bound `i32 : Foo` is not satisfied\n}\n```\n\nIn order to fix this error, verify that the type you're using does implement\nthe trait. Example:\n\n```\ntrait Foo {\n    fn bar(&self);\n}\n\n// we implement the trait on the i32 type\nimpl Foo for i32 {\n    fn bar(&self) {}\n}\n\nfn some_func<T: Foo>(foo: T) {\n    foo.bar(); // we can now use this method since i32 implements the\n               // Foo trait\n}\n\nfn main() {\n    some_func(5i32); // ok!\n}\n```\n\nOr in a generic context, an erroneous code example would look like:\n\n```compile_fail,E0277\nfn some_func<T>(foo: T) {\n    println!(\"{:?}\", foo); // error: the trait `core::fmt::Debug` is not\n                           //        implemented for the type `T`\n}\n\nfn main() {\n    // We now call the method with the i32 type,\n    // which *does* implement the Debug trait.\n    some_func(5i32);\n}\n```\n\nNote that the error here is in the definition of the generic function. Although\nwe only call it with a parameter that does implement `Debug`, the compiler\nstill rejects the function. It must work with all possible input types. In\norder to make this example compile, we need to restrict the generic type we're\naccepting:\n\n```\nuse std::fmt;\n\n// Restrict the input type to types that implement Debug.\nfn some_func<T: fmt::Debug>(foo: T) {\n    println!(\"{:?}\", foo);\n}\n\nfn main() {\n    // Calling the method is still fine, as i32 implements Debug.\n    some_func(5i32);\n\n    // This would fail to compile now:\n    // struct WithoutDebug;\n    // some_func(WithoutDebug);\n}\n```\n\nRust only looks at the signature of the called function, as such it must\nalready specify all requirements that will be used for every type parameter.\n"},"level":"error","spans":[{"file_name":"src/models.rs","byte_start":2535,"byte_end":2543,"line_start":91,"line_end":91,"column_start":9,"column_end":17,"is_primary":true,"text":[{"text":"    pub end_date: NaiveDateTime,","highlight_start":9,"highlight_end":17}],"label":"the trait `diesel::Expression` is not implemented for `NaiveDateTime`, which is required by `&'insert NaiveDateTime: AsExpression<diesel::sql_types::Date>`","suggested_replacement":null,"suggestion_applicability":null,"expansion":null}],"children":[{"message":"the following other types implement trait `diesel::Expression`:\n  &'a T\n  (T0, T1)\n  (T0, T1, T2)\n  (T0, T1, T2, T3)\n  (T0, T1, T2, T3, T4)\n  (T0, T1, T2, T3, T4, T5)\n  (T0, T1, T2, T3, T4, T5, T6)\n  (T0, T1, T2, T3, T4, T5, T6, T7)\nand 200 others","code":null,"level":"help","spans":[],"children":[],"rendered":null},{"message":"required for `&'insert NaiveDateTime` to implement `diesel::Expression`","code":null,"level":"note","spans":[],"children":[],"rendered":null},{"message":"required for `&'insert NaiveDateTime` to implement `AsExpression<diesel::sql_types::Date>`","code":null,"level":"note","spans":[],"children":[],"rendered":null}],"rendered":"\u001b[0m\u001b[1m\u001b[38;5;9merror[E0277]\u001b[0m\u001b[0m\u001b[1m: the trait bound `NaiveDateTime: diesel::Expression` is not satisfied\u001b[0m\n\u001b[0m  \u001b[0m\u001b[0m\u001b[1m\u001b[38;5;12m--> \u001b[0m\u001b[0msrc/models.rs:91:9\u001b[0m\n\u001b[0m   \u001b[0m\u001b[0m\u001b[1m\u001b[38;5;12m|\u001b[0m\n\u001b[0m\u001b[1m\u001b[38;5;12m91\u001b[0m\u001b[0m \u001b[0m\u001b[0m\u001b[1m\u001b[38;5;12m|\u001b[0m\u001b[0m \u001b[0m\u001b[0m    pub end_date: NaiveDateTime,\u001b[0m\n\u001b[0m   \u001b[0m\u001b[0m\u001b[1m\u001b[38;5;12m| \u001b[0m\u001b[0m        \u001b[0m\u001b[0m\u001b[1m\u001b[38;5;9m^^^^^^^^\u001b[0m\u001b[0m \u001b[0m\u001b[0m\u001b[1m\u001b[38;5;9mthe trait `diesel::Expression` is not implemented for `NaiveDateTime`, which is required by `&'insert NaiveDateTime: AsExpression<diesel::sql_types::Date>`\u001b[0m\n\u001b[0m   \u001b[0m\u001b[0m\u001b[1m\u001b[38;5;12m|\u001b[0m\n\u001b[0m   \u001b[0m\u001b[0m\u001b[1m\u001b[38;5;12m= \u001b[0m\u001b[0m\u001b[1mhelp\u001b[0m\u001b[0m: the following other types implement trait `diesel::Expression`:\u001b[0m\n\u001b[0m             &'a T\u001b[0m\n\u001b[0m             (T0, T1)\u001b[0m\n\u001b[0m             (T0, T1, T2)\u001b[0m\n\u001b[0m             (T0, T1, T2, T3)\u001b[0m\n\u001b[0m             (T0, T1, T2, T3, T4)\u001b[0m\n\u001b[0m             (T0, T1, T2, T3, T4, T5)\u001b[0m\n\u001b[0m             (T0, T1, T2, T3, T4, T5, T6)\u001b[0m\n\u001b[0m             (T0, T1, T2, T3, T4, T5, T6, T7)\u001b[0m\n\u001b[0m           and 200 others\u001b[0m\n\u001b[0m   \u001b[0m\u001b[0m\u001b[1m\u001b[38;5;12m= \u001b[0m\u001b[0m\u001b[1mnote\u001b[0m\u001b[0m: required for `&'insert NaiveDateTime` to implement `diesel::Expression`\u001b[0m\n\u001b[0m   \u001b[0m\u001b[0m\u001b[1m\u001b[38;5;12m= \u001b[0m\u001b[0m\u001b[1mnote\u001b[0m\u001b[0m: required for `&'insert NaiveDateTime` to implement `AsExpression<diesel::sql_types::Date>`\u001b[0m\n\n"}
{"$message_type":"diagnostic","message":"aborting due to 8 previous errors","code":null,"level":"error","spans":[],"children":[],"rendered":"\u001b[0m\u001b[1m\u001b[38;5;9merror\u001b[0m\u001b[0m\u001b[1m: aborting due to 8 previous errors\u001b[0m\n\n"}
{"$message_type":"diagnostic","message":"For more information about this error, try `rustc --explain E0277`.","code":null,"level":"failure-note","spans":[],"children":[],"rendered":"\u001b[0m\u001b[1mFor more information about this error, try `rustc --explain E0277`.\u001b[0m\n"}
